Arguments: 
  C:\Program Files (x86)\nodejs\node.exe C:\Users\userpc083\AppData\Roaming\npm\node_modules\yarn\bin\yarn.js add express, express-session, dotenv, body-parser, cors

PATH: 
  C:\Program Files\Git\mingw64\bin;C:\Program Files\Git\usr\bin;C:\Users\userpc083\bin;C:\Program Files (x86)\Common Files\Oracle\Java\javapath;C:\Program Files\AdoptOpenJDK\jdk-11.0.6.10-hotspot\bin;C:\Python27;C:\Python27\Scripts;C:\Windows\system32;C:\Windows;C:\Windows\System32\Wbem;C:\Windows\System32\WindowsPowerShell\v1.0;C:\Windows\System32\OpenSSH;C:\Program Files\TortoiseSVN\bin;C:\Program Files\Git\cmd;C:\Program Files (x86)\QuickTime\QTSystem;C:\Program Files (x86)\nodejs;C:\Program Files\dotnet;C:\Program Files\Microsoft SQL Server\130\Tools\Binn;C:\Program Files\Microsoft SQL Server\Client SDK\ODBC\170\Tools\Binn;C;C:\Program Files\Docker\Docker\resources\bin;C:\ProgramData\DockerDesktop\version-bin;C:\Program Files\MySQL\MySQL Shell 8.0\bin;C:\Users\userpc083\scoop\shims;C:\Program Files\MySQL\MySQL Server 5.7\bin;C:\Users\userpc083\AppData\Local\Microsoft\WindowsApps;C:\Users\userpc083\AppData\Local\Programs\Microsoft VS Code\bin;C:\Program Files\JetBrains\IntelliJ IDEA 2019.2.2\bin;C:\Users\userpc083\Downloads\platform-tools_r30.0.4-windows\platform-tools;C:\Users\userpc083\Desktop\mongoDB\mongodb-setup\bin;C:\Users\userpc083\AppData\Roaming\npm;C:\Program Files (x86)\GitHub CLI;C:\Users\userpc083\.dotnet\tools

Yarn version: 
  1.21.1

Node version: 
  10.17.0

Platform: 
  win32 ia32

Trace: 
  Error: https://registry.yarnpkg.com/express,: Not found
      at Request.params.callback [as _callback] (C:\Users\userpc083\AppData\Roaming\npm\node_modules\yarn\lib\cli.js:66947:18)
      at Request.self.callback (C:\Users\userpc083\AppData\Roaming\npm\node_modules\yarn\lib\cli.js:140665:22)
      at Request.emit (events.js:198:13)
      at Request.<anonymous> (C:\Users\userpc083\AppData\Roaming\npm\node_modules\yarn\lib\cli.js:141637:10)
      at Request.emit (events.js:198:13)
      at IncomingMessage.<anonymous> (C:\Users\userpc083\AppData\Roaming\npm\node_modules\yarn\lib\cli.js:141559:12)
      at Object.onceWrapper (events.js:286:20)
      at IncomingMessage.emit (events.js:203:15)
      at endReadableNT (_stream_readable.js:1143:12)
      at process._tickCallback (internal/process/next_tick.js:63:19)

npm manifest: 
  {
    "name": "backend",
    "version": "1.0.0",
    "description": "",
    "main": "index.js",
    "scripts": {
      "test": "echo \"Error: no test specified\" && exit 1"
    },
    "author": "",
    "license": "ISC"
  }

yarn manifest: 
  No manifest

Lockfile: 
  No lockfile
